c:\users\mohamed\documents\visual studio 2015\projects\project\template\debug\vc140.pdb
c:\users\mohamed\documents\visual studio 2015\projects\project\template\debug\vc140.idb
c:\users\mohamed\documents\visual studio 2015\projects\project\template\debug\controller.obj
c:\users\mohamed\documents\visual studio 2015\projects\project\template\debug\craftable.obj
c:\users\mohamed\documents\visual studio 2015\projects\project\template\debug\enemy.obj
c:\users\mohamed\documents\visual studio 2015\projects\project\template\debug\explosion.obj
c:\users\mohamed\documents\visual studio 2015\projects\project\template\debug\game.obj
c:\users\mohamed\documents\visual studio 2015\projects\project\template\debug\grenade.obj
c:\users\mohamed\documents\visual studio 2015\projects\project\template\debug\gun.obj
c:\users\mohamed\documents\visual studio 2015\projects\project\template\debug\gunbullets.obj
c:\users\mohamed\documents\visual studio 2015\projects\project\template\debug\inventory.obj
c:\users\mohamed\documents\visual studio 2015\projects\project\template\debug\main.obj
c:\users\mohamed\documents\visual studio 2015\projects\project\template\debug\manager.obj
c:\users\mohamed\documents\visual studio 2015\projects\project\template\debug\material.obj
c:\users\mohamed\documents\visual studio 2015\projects\project\template\debug\block.obj
c:\users\mohamed\documents\visual studio 2015\projects\project\template\debug\platform.obj
c:\users\mohamed\documents\visual studio 2015\projects\project\template\debug\player.obj
c:\users\mohamed\documents\visual studio 2015\projects\project\template\debug\rocket.obj
c:\users\mohamed\documents\visual studio 2015\projects\project\template\debug\rocketlauncher.obj
c:\users\mohamed\documents\visual studio 2015\projects\project\template\debug\sniper.obj
c:\users\mohamed\documents\visual studio 2015\projects\project\template\debug\camera.obj
c:\users\mohamed\documents\visual studio 2015\projects\project\template\debug\model.obj
c:\users\mohamed\documents\visual studio 2015\projects\project\template\debug\view.obj
c:\users\mohamed\documents\visual studio 2015\projects\project\template\debug\healingstaff.obj
c:\users\mohamed\documents\visual studio 2015\projects\project\template\debug\boss.obj
c:\users\mohamed\documents\visual studio 2015\projects\project\debug\project.ilk
c:\users\mohamed\documents\visual studio 2015\projects\project\debug\project.exe
c:\users\mohamed\documents\visual studio 2015\projects\project\debug\project.pdb
c:\users\mohamed\documents\visual studio 2015\projects\project\template\debug\project.tlog\cl.command.1.tlog
c:\users\mohamed\documents\visual studio 2015\projects\project\template\debug\project.tlog\cl.read.1.tlog
c:\users\mohamed\documents\visual studio 2015\projects\project\template\debug\project.tlog\cl.write.1.tlog
c:\users\mohamed\documents\visual studio 2015\projects\project\template\debug\project.tlog\link.command.1.tlog
c:\users\mohamed\documents\visual studio 2015\projects\project\template\debug\project.tlog\link.read.1.tlog
c:\users\mohamed\documents\visual studio 2015\projects\project\template\debug\project.tlog\link.write.1.tlog
